<?xml version="1.0" encoding="UTF-8"?>
<!-- Generated by org.testng.reporters.JUnitXMLReporter -->
<testsuite ignored="0" hostname="DESKTOP-8QGVQE8" failures="0" tests="3" name="Default test" time="17.763" errors="0" timestamp="2023-08-17T20:46:50 IST">
  <testcase classname="com.examples.Example_008_Reporter" name="launchdriver" time="2.161"/>
  <testcase classname="com.examples.Example_008_Reporter" name="login" time="15.524"/>
  <testcase classname="com.examples.Example_008_Reporter" name="checkTitle" time="0.005"/>
</testsuite> <!-- Default test -->
