<?xml version="1.0" encoding="UTF-8"?>
<testng-results ignored="0" total="3" passed="3" failed="0" skipped="0">
  <reporter-output>
    <line>
      <![CDATA[We are using chrome latest binary version 115]]>
    </line>
    <line>
      <![CDATA[we are checking title of webPage]]>
    </line>
  </reporter-output>
  <suite started-at="2023-08-17T20:46:32 IST" name="Default suite" finished-at="2023-08-17T20:46:50 IST" duration-ms="17763">
    <groups>
    </groups>
    <test started-at="2023-08-17T20:46:32 IST" name="Default test" finished-at="2023-08-17T20:46:50 IST" duration-ms="17763">
      <class name="com.examples.Example_008_Reporter">
        <test-method signature="launchdriver()[pri:0, instance:com.examples.Example_008_Reporter@31368b99]" started-at="2023-08-17T20:46:32 IST" name="launchdriver" finished-at="2023-08-17T20:46:34 IST" duration-ms="2161" status="PASS">
          <reporter-output>
            <line>
              <![CDATA[We are using chrome latest binary version 115]]>
            </line>
          </reporter-output>
        </test-method> <!-- launchdriver -->
        <test-method signature="login()[pri:0, instance:com.examples.Example_008_Reporter@31368b99]" started-at="2023-08-17T20:46:34 IST" name="login" finished-at="2023-08-17T20:46:50 IST" depends-on-methods="com.examples.Example_008_Reporter.launchdriver" duration-ms="15524" status="PASS">
          <reporter-output>
          </reporter-output>
        </test-method> <!-- login -->
        <test-method signature="checkTitle()[pri:0, instance:com.examples.Example_008_Reporter@31368b99]" started-at="2023-08-17T20:46:50 IST" name="checkTitle" finished-at="2023-08-17T20:46:50 IST" depends-on-methods="com.examples.Example_008_Reporter.login" duration-ms="5" status="PASS">
          <reporter-output>
            <line>
              <![CDATA[we are checking title of webPage]]>
            </line>
          </reporter-output>
        </test-method> <!-- checkTitle -->
      </class> <!-- com.examples.Example_008_Reporter -->
    </test> <!-- Default test -->
  </suite> <!-- Default suite -->
</testng-results>
