<?xml version="1.0" encoding="UTF-8"?>
<testng-results ignored="0" total="2" passed="2" failed="0" skipped="0">
  <reporter-output>
  </reporter-output>
  <suite started-at="2023-09-01T12:02:21 IST" name="Parallel Test Suite" finished-at="2023-09-01T12:02:49 IST" duration-ms="27487">
    <groups>
    </groups>
    <test started-at="2023-09-01T12:02:21 IST" name="t1" finished-at="2023-09-01T12:02:49 IST" duration-ms="27487">
      <class name="com.examples.Example_009_ParallelExecution">
        <test-method signature="launchdriver()[pri:0, instance:com.examples.Example_009_ParallelExecution@15c43bd9]" started-at="2023-09-01T12:02:22 IST" name="launchdriver" finished-at="2023-09-01T12:02:49 IST" duration-ms="27392" status="PASS">
          <reporter-output>
          </reporter-output>
        </test-method> <!-- launchdriver -->
      </class> <!-- com.examples.Example_009_ParallelExecution -->
    </test> <!-- t1 -->
    <test started-at="2023-09-01T12:02:21 IST" name="t2" finished-at="2023-09-01T12:02:49 IST" duration-ms="27452">
      <class name="com.examples.Example_009_ParallelExecution">
        <test-method signature="launchdriver()[pri:0, instance:com.examples.Example_009_ParallelExecution@5ffead27]" started-at="2023-09-01T12:02:22 IST" name="launchdriver" finished-at="2023-09-01T12:02:49 IST" duration-ms="27349" status="PASS">
          <reporter-output>
          </reporter-output>
        </test-method> <!-- launchdriver -->
      </class> <!-- com.examples.Example_009_ParallelExecution -->
    </test> <!-- t2 -->
  </suite> <!-- Parallel Test Suite -->
</testng-results>
