<?xml version="1.0" encoding="UTF-8"?>
<!-- Generated by org.testng.reporters.JUnitXMLReporter -->
<testsuite ignored="3" hostname="DESKTOP-8QGVQE8" failures="0" tests="0" time="0.012" errors="0" timestamp="2023-08-17T20:45:32 IST">
  <testcase classname="com.examples.Example_008_Reporter" name="checkTitle" time="0.0">
    <ignored/>
  </testcase> <!-- checkTitle -->
  <testcase classname="com.examples.Example_008_Reporter" name="login" time="0.0">
    <ignored/>
  </testcase> <!-- login -->
  <testcase classname="com.examples.Example_008_Reporter" name="launchdriver" time="0.0">
    <ignored/>
  </testcase> <!-- launchdriver -->
</testsuite>
